[2022-05-12 19:22:12] production.ERROR: SQLSTATE[HY000] [1045] Access denied for user ''@'localhost' (using password: NO) (SQL: select * from `sections`) {"exception":"[object] (Illuminate\\Database\\QueryException(code: 1045): SQLSTATE[HY000] [1045] Access denied for user ''@'localhost' (using password: NO) (SQL: select * from `sections`) at /home/codereye/domains/codereyes.com/public_html/lms/vendor/laravel/framework/src/Illuminate/Database/Connection.php:671)
[stacktrace]
#0 /home/codereye/domains/codereyes.com/public_html/lms/vendor/laravel/framework/src/Illuminate/Database/Connection.php(631): Illuminate\\Database\\Connection->runQueryCallback()
#1 /home/codereye/domains/codereyes.com/public_html/lms/vendor/laravel/framework/src/Illuminate/Database/Connection.php(339): Illuminate\\Database\\Connection->run()
#2 /home/codereye/domains/codereyes.com/public_html/lms/vendor/laravel/framework/src/Illuminate/Database/Query/Builder.php(2270): Illuminate\\Database\\Connection->select()
#3 /home/codereye/domains/codereyes.com/public_html/lms/vendor/laravel/framework/src/Illuminate/Database/Query/Builder.php(2258): Illuminate\\Database\\Query\\Builder->runSelect()
#4 /home/codereye/domains/codereyes.com/public_html/lms/vendor/laravel/framework/src/Illuminate/Database/Query/Builder.php(2753): Illuminate\\Database\\Query\\Builder->Illuminate\\Database\\Query\\{closure}()
#5 /home/codereye/domains/codereyes.com/public_html/lms/vendor/laravel/framework/src/Illuminate/Database/Query/Builder.php(2259): Illuminate\\Database\\Query\\Builder->onceWithColumns()
#6 /home/codereye/domains/codereyes.com/public_html/lms/vendor/laravel/framework/src/Illuminate/Database/Eloquent/Builder.php(548): Illuminate\\Database\\Query\\Builder->get()
#7 /home/codereye/domains/codereyes.com/public_html/lms/vendor/laravel/framework/src/Illuminate/Database/Eloquent/Builder.php(532): Illuminate\\Database\\Eloquent\\Builder->getModels()
#8 /home/codereye/domains/codereyes.com/public_html/lms/vendor/laravel/framework/src/Illuminate/Database/Eloquent/Model.php(491): Illuminate\\Database\\Eloquent\\Builder->get()
#9 /home/codereye/domains/codereyes.com/public_html/lms/app/Providers/AuthServiceProvider.php(30): Illuminate\\Database\\Eloquent\\Model::all()
#10 /home/codereye/domains/codereyes.com/public_html/lms/vendor/laravel/framework/src/Illuminate/Cache/Repository.php(383): App\\Providers\\AuthServiceProvider->App\\Providers\\{closure}()
#11 /home/codereye/domains/codereyes.com/public_html/lms/vendor/laravel/framework/src/Illuminate/Cache/CacheManager.php(383): Illuminate\\Cache\\Repository->remember()
#12 /home/codereye/domains/codereyes.com/public_html/lms/vendor/laravel/framework/src/Illuminate/Support/Facades/Facade.php(261): Illuminate\\Cache\\CacheManager->__call()
#13 /home/codereye/domains/codereyes.com/public_html/lms/app/Providers/AuthServiceProvider.php(31): Illuminate\\Support\\Facades\\Facade::__callStatic()
#14 /home/codereye/domains/codereyes.com/public_html/lms/vendor/laravel/framework/src/Illuminate/Container/BoundMethod.php(36): App\\Providers\\AuthServiceProvider->boot()
#15 /home/codereye/domains/codereyes.com/public_html/lms/vendor/laravel/framework/src/Illuminate/Container/Util.php(37): Illuminate\\Container\\BoundMethod::Illuminate\\Container\\{closure}()
#16 /home/codereye/domains/codereyes.com/public_html/lms/vendor/laravel/framework/src/Illuminate/Container/BoundMethod.php(93): Illuminate\\Container\\Util::unwrapIfClosure()
#17 /home/codereye/domains/codereyes.com/public_html/lms/vendor/laravel/framework/src/Illuminate/Container/BoundMethod.php(37): Illuminate\\Container\\BoundMethod::callBoundMethod()
#18 /home/codereye/domains/codereyes.com/public_html/lms/vendor/laravel/framework/src/Illuminate/Container/Container.php(596): Illuminate\\Container\\BoundMethod::call()
#19 /home/codereye/domains/codereyes.com/public_html/lms/vendor/laravel/framework/src/Illuminate/Foundation/Application.php(867): Illuminate\\Container\\Container->call()
#20 /home/codereye/domains/codereyes.com/public_html/lms/vendor/laravel/framework/src/Illuminate/Foundation/Application.php(850): Illuminate\\Foundation\\Application->bootProvider()
#21 [internal function]: Illuminate\\Foundation\\Application->Illuminate\\Foundation\\{closure}()
#22 /home/codereye/domains/codereyes.com/public_html/lms/vendor/laravel/framework/src/Illuminate/Foundation/Application.php(851): array_walk()
#23 /home/codereye/domains/codereyes.com/public_html/lms/vendor/laravel/framework/src/Illuminate/Foundation/Bootstrap/BootProviders.php(17): Illuminate\\Foundation\\Application->boot()
#24 /home/codereye/domains/codereyes.com/public_html/lms/vendor/laravel/framework/src/Illuminate/Foundation/Application.php(230): Illuminate\\Foundation\\Bootstrap\\BootProviders->bootstrap()
#25 /home/codereye/domains/codereyes.com/public_html/lms/vendor/laravel/framework/src/Illuminate/Foundation/Http/Kernel.php(151): Illuminate\\Foundation\\Application->bootstrapWith()
#26 /home/codereye/domains/codereyes.com/public_html/lms/vendor/laravel/framework/src/Illuminate/Foundation/Http/Kernel.php(135): Illuminate\\Foundation\\Http\\Kernel->bootstrap()
#27 /home/codereye/domains/codereyes.com/public_html/lms/vendor/laravel/framework/src/Illuminate/Foundation/Http/Kernel.php(109): Illuminate\\Foundation\\Http\\Kernel->sendRequestThroughRouter()
#28 /home/codereye/domains/codereyes.com/public_html/lms/public/index.php(55): Illuminate\\Foundation\\Http\\Kernel->handle()
#29 {main}

[previous exception] [object] (PDOException(code: 1045): SQLSTATE[HY000] [1045] Access denied for user ''@'localhost' (using password: NO) at /home/codereye/domains/codereyes.com/public_html/lms/vendor/laravel/framework/src/Illuminate/Database/Connectors/Connector.php:70)
[stacktrace]
#0 /home/codereye/domains/codereyes.com/public_html/lms/vendor/laravel/framework/src/Illuminate/Database/Connectors/Connector.php(70): PDO->__construct()
#1 /home/codereye/domains/codereyes.com/public_html/lms/vendor/laravel/framework/src/Illuminate/Database/Connectors/Connector.php(46): Illuminate\\Database\\Connectors\\Connector->createPdoConnection()
#2 /home/codereye/domains/codereyes.com/public_html/lms/vendor/laravel/framework/src/Illuminate/Database/Connectors/MySqlConnector.php(24): Illuminate\\Database\\Connectors\\Connector->createConnection()
#3 /home/codereye/domains/codereyes.com/public_html/lms/vendor/laravel/framework/src/Illuminate/Database/Connectors/ConnectionFactory.php(184): Illuminate\\Database\\Connectors\\MySqlConnector->connect()
#4 [internal function]: Illuminate\\Database\\Connectors\\ConnectionFactory->Illuminate\\Database\\Connectors\\{closure}()
#5 /home/codereye/domains/codereyes.com/public_html/lms/vendor/laravel/framework/src/Illuminate/Database/Connection.php(926): call_user_func()
#6 /home/codereye/domains/codereyes.com/public_html/lms/vendor/laravel/framework/src/Illuminate/Database/Connection.php(961): Illuminate\\Database\\Connection->getPdo()
#7 /home/codereye/domains/codereyes.com/public_html/lms/vendor/laravel/framework/src/Illuminate/Database/Connection.php(405): Illuminate\\Database\\Connection->getReadPdo()
#8 /home/codereye/domains/codereyes.com/public_html/lms/vendor/laravel/framework/src/Illuminate/Database/Connection.php(331): Illuminate\\Database\\Connection->getPdoForSelect()
#9 /home/codereye/domains/codereyes.com/public_html/lms/vendor/laravel/framework/src/Illuminate/Database/Connection.php(664): Illuminate\\Database\\Connection->Illuminate\\Database\\{closure}()
#10 /home/codereye/domains/codereyes.com/public_html/lms/vendor/laravel/framework/src/Illuminate/Database/Connection.php(631): Illuminate\\Database\\Connection->runQueryCallback()
#11 /home/codereye/domains/codereyes.com/public_html/lms/vendor/laravel/framework/src/Illuminate/Database/Connection.php(339): Illuminate\\Database\\Connection->run()
#12 /home/codereye/domains/codereyes.com/public_html/lms/vendor/laravel/framework/src/Illuminate/Database/Query/Builder.php(2270): Illuminate\\Database\\Connection->select()
#13 /home/codereye/domains/codereyes.com/public_html/lms/vendor/laravel/framework/src/Illuminate/Database/Query/Builder.php(2258): Illuminate\\Database\\Query\\Builder->runSelect()
#14 /home/codereye/domains/codereyes.com/public_html/lms/vendor/laravel/framework/src/Illuminate/Database/Query/Builder.php(2753): Illuminate\\Database\\Query\\Builder->Illuminate\\Database\\Query\\{closure}()
#15 /home/codereye/domains/codereyes.com/public_html/lms/vendor/laravel/framework/src/Illuminate/Database/Query/Builder.php(2259): Illuminate\\Database\\Query\\Builder->onceWithColumns()
#16 /home/codereye/domains/codereyes.com/public_html/lms/vendor/laravel/framework/src/Illuminate/Database/Eloquent/Builder.php(548): Illuminate\\Database\\Query\\Builder->get()
#17 /home/codereye/domains/codereyes.com/public_html/lms/vendor/laravel/framework/src/Illuminate/Database/Eloquent/Builder.php(532): Illuminate\\Database\\Eloquent\\Builder->getModels()
#18 /home/codereye/domains/codereyes.com/public_html/lms/vendor/laravel/framework/src/Illuminate/Database/Eloquent/Model.php(491): Illuminate\\Database\\Eloquent\\Builder->get()
#19 /home/codereye/domains/codereyes.com/public_html/lms/app/Providers/AuthServiceProvider.php(30): Illuminate\\Database\\Eloquent\\Model::all()
#20 /home/codereye/domains/codereyes.com/public_html/lms/vendor/laravel/framework/src/Illuminate/Cache/Repository.php(383): App\\Providers\\AuthServiceProvider->App\\Providers\\{closure}()
#21 /home/codereye/domains/codereyes.com/public_html/lms/vendor/laravel/framework/src/Illuminate/Cache/CacheManager.php(383): Illuminate\\Cache\\Repository->remember()
#22 /home/codereye/domains/codereyes.com/public_html/lms/vendor/laravel/framework/src/Illuminate/Support/Facades/Facade.php(261): Illuminate\\Cache\\CacheManager->__call()
#23 /home/codereye/domains/codereyes.com/public_html/lms/app/Providers/AuthServiceProvider.php(31): Illuminate\\Support\\Facades\\Facade::__callStatic()
#24 /home/codereye/domains/codereyes.com/public_html/lms/vendor/laravel/framework/src/Illuminate/Container/BoundMethod.php(36): App\\Providers\\AuthServiceProvider->boot()
#25 /home/codereye/domains/codereyes.com/public_html/lms/vendor/laravel/framework/src/Illuminate/Container/Util.php(37): Illuminate\\Container\\BoundMethod::Illuminate\\Container\\{closure}()
#26 /home/codereye/domains/codereyes.com/public_html/lms/vendor/laravel/framework/src/Illuminate/Container/BoundMethod.php(93): Illuminate\\Container\\Util::unwrapIfClosure()
#27 /home/codereye/domains/codereyes.com/public_html/lms/vendor/laravel/framework/src/Illuminate/Container/BoundMethod.php(37): Illuminate\\Container\\BoundMethod::callBoundMethod()
#28 /home/codereye/domains/codereyes.com/public_html/lms/vendor/laravel/framework/src/Illuminate/Container/Container.php(596): Illuminate\\Container\\BoundMethod::call()
#29 /home/codereye/domains/codereyes.com/public_html/lms/vendor/laravel/framework/src/Illuminate/Foundation/Application.php(867): Illuminate\\Container\\Container->call()
#30 /home/codereye/domains/codereyes.com/public_html/lms/vendor/laravel/framework/src/Illuminate/Foundation/Application.php(850): Illuminate\\Foundation\\Application->bootProvider()
#31 [internal function]: Illuminate\\Foundation\\Application->Illuminate\\Foundation\\{closure}()
#32 /home/codereye/domains/codereyes.com/public_html/lms/vendor/laravel/framework/src/Illuminate/Foundation/Application.php(851): array_walk()
#33 /home/codereye/domains/codereyes.com/public_html/lms/vendor/laravel/framework/src/Illuminate/Foundation/Bootstrap/BootProviders.php(17): Illuminate\\Foundation\\Application->boot()
#34 /home/codereye/domains/codereyes.com/public_html/lms/vendor/laravel/framework/src/Illuminate/Foundation/Application.php(230): Illuminate\\Foundation\\Bootstrap\\BootProviders->bootstrap()
#35 /home/codereye/domains/codereyes.com/public_html/lms/vendor/laravel/framework/src/Illuminate/Foundation/Http/Kernel.php(151): Illuminate\\Foundation\\Application->bootstrapWith()
#36 /home/codereye/domains/codereyes.com/public_html/lms/vendor/laravel/framework/src/Illuminate/Foundation/Http/Kernel.php(135): Illuminate\\Foundation\\Http\\Kernel->bootstrap()
#37 /home/codereye/domains/codereyes.com/public_html/lms/vendor/laravel/framework/src/Illuminate/Foundation/Http/Kernel.php(109): Illuminate\\Foundation\\Http\\Kernel->sendRequestThroughRouter()
#38 /home/codereye/domains/codereyes.com/public_html/lms/public/index.php(55): Illuminate\\Foundation\\Http\\Kernel->handle()
#39 {main}
"} 
[2022-05-16 18:10:57] production.ERROR: Undefined index: site_name {"exception":"[object] (ErrorException(code: 0): Undefined index: site_name at /home/codereye/domains/codereyes.com/public_html/lms/app/Notifications/SendVerificationEmailCode.php:48)
[stacktrace]
#0 /home/codereye/domains/codereyes.com/public_html/lms/app/Notifications/SendVerificationEmailCode.php(48): Illuminate\\Foundation\\Bootstrap\\HandleExceptions->handleError()
#1 /home/codereye/domains/codereyes.com/public_html/lms/vendor/laravel/framework/src/Illuminate/Notifications/Channels/MailChannel.php(51): App\\Notifications\\SendVerificationEmailCode->toMail()
#2 /home/codereye/domains/codereyes.com/public_html/lms/vendor/laravel/framework/src/Illuminate/Notifications/NotificationSender.php(148): Illuminate\\Notifications\\Channels\\MailChannel->send()
#3 /home/codereye/domains/codereyes.com/public_html/lms/vendor/laravel/framework/src/Illuminate/Notifications/NotificationSender.php(106): Illuminate\\Notifications\\NotificationSender->sendToNotifiable()
#4 /home/codereye/domains/codereyes.com/public_html/lms/vendor/laravel/framework/src/Illuminate/Support/Traits/Localizable.php(19): Illuminate\\Notifications\\NotificationSender->Illuminate\\Notifications\\{closure}()
#5 /home/codereye/domains/codereyes.com/public_html/lms/vendor/laravel/framework/src/Illuminate/Notifications/NotificationSender.php(109): Illuminate\\Notifications\\NotificationSender->withLocale()
#6 /home/codereye/domains/codereyes.com/public_html/lms/vendor/laravel/framework/src/Illuminate/Notifications/NotificationSender.php(79): Illuminate\\Notifications\\NotificationSender->sendNow()
#7 /home/codereye/domains/codereyes.com/public_html/lms/vendor/laravel/framework/src/Illuminate/Notifications/ChannelManager.php(39): Illuminate\\Notifications\\NotificationSender->send()
#8 /home/codereye/domains/codereyes.com/public_html/lms/vendor/laravel/framework/src/Illuminate/Notifications/RoutesNotifications.php(18): Illuminate\\Notifications\\ChannelManager->send()
#9 /home/codereye/domains/codereyes.com/public_html/lms/app/Models/Verification.php(28): App\\Models\\Verification->notify()
#10 /home/codereye/domains/codereyes.com/public_html/lms/app/Http/Controllers/Auth/VerificationController.php(113): App\\Models\\Verification->sendEmailCode()
#11 /home/codereye/domains/codereyes.com/public_html/lms/app/Http/Controllers/Auth/RegisterController.php(170): App\\Http\\Controllers\\Auth\\VerificationController->checkConfirmed()
#12 /home/codereye/domains/codereyes.com/public_html/lms/vendor/laravel/framework/src/Illuminate/Routing/Controller.php(54): App\\Http\\Controllers\\Auth\\RegisterController->register()
#13 /home/codereye/domains/codereyes.com/public_html/lms/vendor/laravel/framework/src/Illuminate/Routing/ControllerDispatcher.php(45): Illuminate\\Routing\\Controller->callAction()
#14 /home/codereye/domains/codereyes.com/public_html/lms/vendor/laravel/framework/src/Illuminate/Routing/Route.php(239): Illuminate\\Routing\\ControllerDispatcher->dispatch()
#15 /home/codereye/domains/codereyes.com/public_html/lms/vendor/laravel/framework/src/Illuminate/Routing/Route.php(196): Illuminate\\Routing\\Route->runController()
#16 /home/codereye/domains/codereyes.com/public_html/lms/vendor/laravel/framework/src/Illuminate/Routing/Router.php(685): Illuminate\\Routing\\Route->run()
#17 /home/codereye/domains/codereyes.com/public_html/lms/vendor/laravel/framework/src/Illuminate/Pipeline/Pipeline.php(128): Illuminate\\Routing\\Router->Illuminate\\Routing\\{closure}()
#18 /home/codereye/domains/codereyes.com/public_html/lms/app/Http/Middleware/RedirectIfAuthenticated.php(25): Illuminate\\Pipeline\\Pipeline->Illuminate\\Pipeline\\{closure}()
#19 /home/codereye/domains/codereyes.com/public_html/lms/vendor/laravel/framework/src/Illuminate/Pipeline/Pipeline.php(167): App\\Http\\Middleware\\RedirectIfAuthenticated->handle()
#20 /home/codereye/domains/codereyes.com/public_html/lms/app/Http/Middleware/Share.php(60): Illuminate\\Pipeline\\Pipeline->Illuminate\\Pipeline\\{closure}()
#21 /home/codereye/domains/codereyes.com/public_html/lms/vendor/laravel/framework/src/Illuminate/Pipeline/Pipeline.php(167): App\\Http\\Middleware\\Share->handle()
#22 /home/codereye/domains/codereyes.com/public_html/lms/app/Http/Middleware/UserLocale.php(44): Illuminate\\Pipeline\\Pipeline->Illuminate\\Pipeline\\{closure}()
#23 /home/codereye/domains/codereyes.com/public_html/lms/vendor/laravel/framework/src/Illuminate/Pipeline/Pipeline.php(167): App\\Http\\Middleware\\UserLocale->handle()
#24 /home/codereye/domains/codereyes.com/public_html/lms/vendor/laravel/framework/src/Illuminate/Routing/Middleware/SubstituteBindings.php(41): Illuminate\\Pipeline\\Pipeline->Illuminate\\Pipeline\\{closure}()
#25 /home/codereye/domains/codereyes.com/public_html/lms/vendor/laravel/framework/src/Illuminate/Pipeline/Pipeline.php(167): Illuminate\\Routing\\Middleware\\SubstituteBindings->handle()
#26 /home/codereye/domains/codereyes.com/public_html/lms/vendor/laravel/framework/src/Illuminate/Foundation/Http/Middleware/VerifyCsrfToken.php(78): Illuminate\\Pipeline\\Pipeline->Illuminate\\Pipeline\\{closure}()
#27 /home/codereye/domains/codereyes.com/public_html/lms/vendor/laravel/framework/src/Illuminate/Pipeline/Pipeline.php(167): Illuminate\\Foundation\\Http\\Middleware\\VerifyCsrfToken->handle()
#28 /home/codereye/domains/codereyes.com/public_html/lms/vendor/laravel/framework/src/Illuminate/View/Middleware/ShareErrorsFromSession.php(49): Illuminate\\Pipeline\\Pipeline->Illuminate\\Pipeline\\{closure}()
#29 /home/codereye/domains/codereyes.com/public_html/lms/vendor/laravel/framework/src/Illuminate/Pipeline/Pipeline.php(167): Illuminate\\View\\Middleware\\ShareErrorsFromSession->handle()
#30 /home/codereye/domains/codereyes.com/public_html/lms/vendor/laravel/framework/src/Illuminate/Session/Middleware/StartSession.php(116): Illuminate\\Pipeline\\Pipeline->Illuminate\\Pipeline\\{closure}()
#31 /home/codereye/domains/codereyes.com/public_html/lms/vendor/laravel/framework/src/Illuminate/Session/Middleware/StartSession.php(62): Illuminate\\Session\\Middleware\\StartSession->handleStatefulRequest()
#32 /home/codereye/domains/codereyes.com/public_html/lms/vendor/laravel/framework/src/Illuminate/Pipeline/Pipeline.php(167): Illuminate\\Session\\Middleware\\StartSession->handle()
#33 /home/codereye/domains/codereyes.com/public_html/lms/vendor/laravel/framework/src/Illuminate/Cookie/Middleware/AddQueuedCookiesToResponse.php(37): Illuminate\\Pipeline\\Pipeline->Illuminate\\Pipeline\\{closure}()
#34 /home/codereye/domains/codereyes.com/public_html/lms/vendor/laravel/framework/src/Illuminate/Pipeline/Pipeline.php(167): Illuminate\\Cookie\\Middleware\\AddQueuedCookiesToResponse->handle()
#35 /home/codereye/domains/codereyes.com/public_html/lms/vendor/laravel/framework/src/Illuminate/Cookie/Middleware/EncryptCookies.php(67): Illuminate\\Pipeline\\Pipeline->Illuminate\\Pipeline\\{closure}()
#36 /home/codereye/domains/codereyes.com/public_html/lms/vendor/laravel/framework/src/Illuminate/Pipeline/Pipeline.php(167): Illuminate\\Cookie\\Middleware\\EncryptCookies->handle()
#37 /home/codereye/domains/codereyes.com/public_html/lms/vendor/laravel/framework/src/Illuminate/Pipeline/Pipeline.php(103): Illuminate\\Pipeline\\Pipeline->Illuminate\\Pipeline\\{closure}()
#38 /home/codereye/domains/codereyes.com/public_html/lms/vendor/laravel/framework/src/Illuminate/Routing/Router.php(687): Illuminate\\Pipeline\\Pipeline->then()
#39 /home/codereye/domains/codereyes.com/public_html/lms/vendor/laravel/framework/src/Illuminate/Routing/Router.php(662): Illuminate\\Routing\\Router->runRouteWithinStack()
#40 /home/codereye/domains/codereyes.com/public_html/lms/vendor/laravel/framework/src/Illuminate/Routing/Router.php(628): Illuminate\\Routing\\Router->runRoute()
#41 /home/codereye/domains/codereyes.com/public_html/lms/vendor/laravel/framework/src/Illuminate/Routing/Router.php(617): Illuminate\\Routing\\Router->dispatchToRoute()
#42 /home/codereye/domains/codereyes.com/public_html/lms/vendor/laravel/framework/src/Illuminate/Foundation/Http/Kernel.php(165): Illuminate\\Routing\\Router->dispatch()
#43 /home/codereye/domains/codereyes.com/public_html/lms/vendor/laravel/framework/src/Illuminate/Pipeline/Pipeline.php(128): Illuminate\\Foundation\\Http\\Kernel->Illuminate\\Foundation\\Http\\{closure}()
#44 /home/codereye/domains/codereyes.com/public_html/lms/vendor/barryvdh/laravel-debugbar/src/Middleware/InjectDebugbar.php(60): Illuminate\\Pipeline\\Pipeline->Illuminate\\Pipeline\\{closure}()
#45 /home/codereye/domains/codereyes.com/public_html/lms/vendor/laravel/framework/src/Illuminate/Pipeline/Pipeline.php(167): Barryvdh\\Debugbar\\Middleware\\InjectDebugbar->handle()
#46 /home/codereye/domains/codereyes.com/public_html/lms/vendor/laravel/framework/src/Illuminate/Foundation/Http/Middleware/TransformsRequest.php(21): Illuminate\\Pipeline\\Pipeline->Illuminate\\Pipeline\\{closure}()
#47 /home/codereye/domains/codereyes.com/public_html/lms/vendor/laravel/framework/src/Illuminate/Pipeline/Pipeline.php(167): Illuminate\\Foundation\\Http\\Middleware\\TransformsRequest->handle()
#48 /home/codereye/domains/codereyes.com/public_html/lms/vendor/laravel/framework/src/Illuminate/Foundation/Http/Middleware/TransformsRequest.php(21): Illuminate\\Pipeline\\Pipeline->Illuminate\\Pipeline\\{closure}()
#49 /home/codereye/domains/codereyes.com/public_html/lms/vendor/laravel/framework/src/Illuminate/Pipeline/Pipeline.php(167): Illuminate\\Foundation\\Http\\Middleware\\TransformsRequest->handle()
#50 /home/codereye/domains/codereyes.com/public_html/lms/vendor/laravel/framework/src/Illuminate/Foundation/Http/Middleware/ValidatePostSize.php(27): Illuminate\\Pipeline\\Pipeline->Illuminate\\Pipeline\\{closure}()
#51 /home/codereye/domains/codereyes.com/public_html/lms/vendor/laravel/framework/src/Illuminate/Pipeline/Pipeline.php(167): Illuminate\\Foundation\\Http\\Middleware\\ValidatePostSize->handle()
#52 /home/codereye/domains/codereyes.com/public_html/lms/vendor/laravel/framework/src/Illuminate/Foundation/Http/Middleware/CheckForMaintenanceMode.php(63): Illuminate\\Pipeline\\Pipeline->Illuminate\\Pipeline\\{closure}()
#53 /home/codereye/domains/codereyes.com/public_html/lms/vendor/laravel/framework/src/Illuminate/Pipeline/Pipeline.php(167): Illuminate\\Foundation\\Http\\Middleware\\CheckForMaintenanceMode->handle()
#54 /home/codereye/domains/codereyes.com/public_html/lms/vendor/fruitcake/laravel-cors/src/HandleCors.php(37): Illuminate\\Pipeline\\Pipeline->Illuminate\\Pipeline\\{closure}()
#55 /home/codereye/domains/codereyes.com/public_html/lms/vendor/laravel/framework/src/Illuminate/Pipeline/Pipeline.php(167): Fruitcake\\Cors\\HandleCors->handle()
#56 /home/codereye/domains/codereyes.com/public_html/lms/vendor/fideloper/proxy/src/TrustProxies.php(57): Illuminate\\Pipeline\\Pipeline->Illuminate\\Pipeline\\{closure}()
#57 /home/codereye/domains/codereyes.com/public_html/lms/vendor/laravel/framework/src/Illuminate/Pipeline/Pipeline.php(167): Fideloper\\Proxy\\TrustProxies->handle()
#58 /home/codereye/domains/codereyes.com/public_html/lms/vendor/laravel/framework/src/Illuminate/Pipeline/Pipeline.php(103): Illuminate\\Pipeline\\Pipeline->Illuminate\\Pipeline\\{closure}()
#59 /home/codereye/domains/codereyes.com/public_html/lms/vendor/laravel/framework/src/Illuminate/Foundation/Http/Kernel.php(140): Illuminate\\Pipeline\\Pipeline->then()
#60 /home/codereye/domains/codereyes.com/public_html/lms/vendor/laravel/framework/src/Illuminate/Foundation/Http/Kernel.php(109): Illuminate\\Foundation\\Http\\Kernel->sendRequestThroughRouter()
#61 /home/codereye/domains/codereyes.com/public_html/lms/public/index.php(55): Illuminate\\Foundation\\Http\\Kernel->handle()
#62 {main}
"} 
[2022-05-16 18:11:47] production.ERROR: Undefined index: site_name {"exception":"[object] (ErrorException(code: 0): Undefined index: site_name at /home/codereye/domains/codereyes.com/public_html/lms/app/Notifications/SendVerificationEmailCode.php:48)
[stacktrace]
#0 /home/codereye/domains/codereyes.com/public_html/lms/app/Notifications/SendVerificationEmailCode.php(48): Illuminate\\Foundation\\Bootstrap\\HandleExceptions->handleError()
#1 /home/codereye/domains/codereyes.com/public_html/lms/vendor/laravel/framework/src/Illuminate/Notifications/Channels/MailChannel.php(51): App\\Notifications\\SendVerificationEmailCode->toMail()
#2 /home/codereye/domains/codereyes.com/public_html/lms/vendor/laravel/framework/src/Illuminate/Notifications/NotificationSender.php(148): Illuminate\\Notifications\\Channels\\MailChannel->send()
#3 /home/codereye/domains/codereyes.com/public_html/lms/vendor/laravel/framework/src/Illuminate/Notifications/NotificationSender.php(106): Illuminate\\Notifications\\NotificationSender->sendToNotifiable()
#4 /home/codereye/domains/codereyes.com/public_html/lms/vendor/laravel/framework/src/Illuminate/Support/Traits/Localizable.php(19): Illuminate\\Notifications\\NotificationSender->Illuminate\\Notifications\\{closure}()
#5 /home/codereye/domains/codereyes.com/public_html/lms/vendor/laravel/framework/src/Illuminate/Notifications/NotificationSender.php(109): Illuminate\\Notifications\\NotificationSender->withLocale()
#6 /home/codereye/domains/codereyes.com/public_html/lms/vendor/laravel/framework/src/Illuminate/Notifications/NotificationSender.php(79): Illuminate\\Notifications\\NotificationSender->sendNow()
#7 /home/codereye/domains/codereyes.com/public_html/lms/vendor/laravel/framework/src/Illuminate/Notifications/ChannelManager.php(39): Illuminate\\Notifications\\NotificationSender->send()
#8 /home/codereye/domains/codereyes.com/public_html/lms/vendor/laravel/framework/src/Illuminate/Notifications/RoutesNotifications.php(18): Illuminate\\Notifications\\ChannelManager->send()
#9 /home/codereye/domains/codereyes.com/public_html/lms/app/Models/Verification.php(28): App\\Models\\Verification->notify()
#10 /home/codereye/domains/codereyes.com/public_html/lms/app/Http/Controllers/Auth/VerificationController.php(113): App\\Models\\Verification->sendEmailCode()
#11 /home/codereye/domains/codereyes.com/public_html/lms/app/Http/Controllers/Auth/LoginController.php(163): App\\Http\\Controllers\\Auth\\VerificationController->checkConfirmed()
#12 /home/codereye/domains/codereyes.com/public_html/lms/app/Http/Controllers/Auth/LoginController.php(76): App\\Http\\Controllers\\Auth\\LoginController->afterLogged()
#13 /home/codereye/domains/codereyes.com/public_html/lms/vendor/laravel/framework/src/Illuminate/Routing/Controller.php(54): App\\Http\\Controllers\\Auth\\LoginController->login()
#14 /home/codereye/domains/codereyes.com/public_html/lms/vendor/laravel/framework/src/Illuminate/Routing/ControllerDispatcher.php(45): Illuminate\\Routing\\Controller->callAction()
#15 /home/codereye/domains/codereyes.com/public_html/lms/vendor/laravel/framework/src/Illuminate/Routing/Route.php(239): Illuminate\\Routing\\ControllerDispatcher->dispatch()
#16 /home/codereye/domains/codereyes.com/public_html/lms/vendor/laravel/framework/src/Illuminate/Routing/Route.php(196): Illuminate\\Routing\\Route->runController()
#17 /home/codereye/domains/codereyes.com/public_html/lms/vendor/laravel/framework/src/Illuminate/Routing/Router.php(685): Illuminate\\Routing\\Route->run()
#18 /home/codereye/domains/codereyes.com/public_html/lms/vendor/laravel/framework/src/Illuminate/Pipeline/Pipeline.php(128): Illuminate\\Routing\\Router->Illuminate\\Routing\\{closure}()
#19 /home/codereye/domains/codereyes.com/public_html/lms/app/Http/Middleware/RedirectIfAuthenticated.php(25): Illuminate\\Pipeline\\Pipeline->Illuminate\\Pipeline\\{closure}()
#20 /home/codereye/domains/codereyes.com/public_html/lms/vendor/laravel/framework/src/Illuminate/Pipeline/Pipeline.php(167): App\\Http\\Middleware\\RedirectIfAuthenticated->handle()
#21 /home/codereye/domains/codereyes.com/public_html/lms/app/Http/Middleware/Share.php(60): Illuminate\\Pipeline\\Pipeline->Illuminate\\Pipeline\\{closure}()
#22 /home/codereye/domains/codereyes.com/public_html/lms/vendor/laravel/framework/src/Illuminate/Pipeline/Pipeline.php(167): App\\Http\\Middleware\\Share->handle()
#23 /home/codereye/domains/codereyes.com/public_html/lms/app/Http/Middleware/UserLocale.php(44): Illuminate\\Pipeline\\Pipeline->Illuminate\\Pipeline\\{closure}()
#24 /home/codereye/domains/codereyes.com/public_html/lms/vendor/laravel/framework/src/Illuminate/Pipeline/Pipeline.php(167): App\\Http\\Middleware\\UserLocale->handle()
#25 /home/codereye/domains/codereyes.com/public_html/lms/vendor/laravel/framework/src/Illuminate/Routing/Middleware/SubstituteBindings.php(41): Illuminate\\Pipeline\\Pipeline->Illuminate\\Pipeline\\{closure}()
#26 /home/codereye/domains/codereyes.com/public_html/lms/vendor/laravel/framework/src/Illuminate/Pipeline/Pipeline.php(167): Illuminate\\Routing\\Middleware\\SubstituteBindings->handle()
#27 /home/codereye/domains/codereyes.com/public_html/lms/vendor/laravel/framework/src/Illuminate/Foundation/Http/Middleware/VerifyCsrfToken.php(78): Illuminate\\Pipeline\\Pipeline->Illuminate\\Pipeline\\{closure}()
#28 /home/codereye/domains/codereyes.com/public_html/lms/vendor/laravel/framework/src/Illuminate/Pipeline/Pipeline.php(167): Illuminate\\Foundation\\Http\\Middleware\\VerifyCsrfToken->handle()
#29 /home/codereye/domains/codereyes.com/public_html/lms/vendor/laravel/framework/src/Illuminate/View/Middleware/ShareErrorsFromSession.php(49): Illuminate\\Pipeline\\Pipeline->Illuminate\\Pipeline\\{closure}()
#30 /home/codereye/domains/codereyes.com/public_html/lms/vendor/laravel/framework/src/Illuminate/Pipeline/Pipeline.php(167): Illuminate\\View\\Middleware\\ShareErrorsFromSession->handle()
#31 /home/codereye/domains/codereyes.com/public_html/lms/vendor/laravel/framework/src/Illuminate/Session/Middleware/StartSession.php(116): Illuminate\\Pipeline\\Pipeline->Illuminate\\Pipeline\\{closure}()
#32 /home/codereye/domains/codereyes.com/public_html/lms/vendor/laravel/framework/src/Illuminate/Session/Middleware/StartSession.php(62): Illuminate\\Session\\Middleware\\StartSession->handleStatefulRequest()
#33 /home/codereye/domains/codereyes.com/public_html/lms/vendor/laravel/framework/src/Illuminate/Pipeline/Pipeline.php(167): Illuminate\\Session\\Middleware\\StartSession->handle()
#34 /home/codereye/domains/codereyes.com/public_html/lms/vendor/laravel/framework/src/Illuminate/Cookie/Middleware/AddQueuedCookiesToResponse.php(37): Illuminate\\Pipeline\\Pipeline->Illuminate\\Pipeline\\{closure}()
#35 /home/codereye/domains/codereyes.com/public_html/lms/vendor/laravel/framework/src/Illuminate/Pipeline/Pipeline.php(167): Illuminate\\Cookie\\Middleware\\AddQueuedCookiesToResponse->handle()
#36 /home/codereye/domains/codereyes.com/public_html/lms/vendor/laravel/framework/src/Illuminate/Cookie/Middleware/EncryptCookies.php(67): Illuminate\\Pipeline\\Pipeline->Illuminate\\Pipeline\\{closure}()
#37 /home/codereye/domains/codereyes.com/public_html/lms/vendor/laravel/framework/src/Illuminate/Pipeline/Pipeline.php(167): Illuminate\\Cookie\\Middleware\\EncryptCookies->handle()
#38 /home/codereye/domains/codereyes.com/public_html/lms/vendor/laravel/framework/src/Illuminate/Pipeline/Pipeline.php(103): Illuminate\\Pipeline\\Pipeline->Illuminate\\Pipeline\\{closure}()
#39 /home/codereye/domains/codereyes.com/public_html/lms/vendor/laravel/framework/src/Illuminate/Routing/Router.php(687): Illuminate\\Pipeline\\Pipeline->then()
#40 /home/codereye/domains/codereyes.com/public_html/lms/vendor/laravel/framework/src/Illuminate/Routing/Router.php(662): Illuminate\\Routing\\Router->runRouteWithinStack()
#41 /home/codereye/domains/codereyes.com/public_html/lms/vendor/laravel/framework/src/Illuminate/Routing/Router.php(628): Illuminate\\Routing\\Router->runRoute()
#42 /home/codereye/domains/codereyes.com/public_html/lms/vendor/laravel/framework/src/Illuminate/Routing/Router.php(617): Illuminate\\Routing\\Router->dispatchToRoute()
#43 /home/codereye/domains/codereyes.com/public_html/lms/vendor/laravel/framework/src/Illuminate/Foundation/Http/Kernel.php(165): Illuminate\\Routing\\Router->dispatch()
#44 /home/codereye/domains/codereyes.com/public_html/lms/vendor/laravel/framework/src/Illuminate/Pipeline/Pipeline.php(128): Illuminate\\Foundation\\Http\\Kernel->Illuminate\\Foundation\\Http\\{closure}()
#45 /home/codereye/domains/codereyes.com/public_html/lms/vendor/barryvdh/laravel-debugbar/src/Middleware/InjectDebugbar.php(60): Illuminate\\Pipeline\\Pipeline->Illuminate\\Pipeline\\{closure}()
#46 /home/codereye/domains/codereyes.com/public_html/lms/vendor/laravel/framework/src/Illuminate/Pipeline/Pipeline.php(167): Barryvdh\\Debugbar\\Middleware\\InjectDebugbar->handle()
#47 /home/codereye/domains/codereyes.com/public_html/lms/vendor/laravel/framework/src/Illuminate/Foundation/Http/Middleware/TransformsRequest.php(21): Illuminate\\Pipeline\\Pipeline->Illuminate\\Pipeline\\{closure}()
#48 /home/codereye/domains/codereyes.com/public_html/lms/vendor/laravel/framework/src/Illuminate/Pipeline/Pipeline.php(167): Illuminate\\Foundation\\Http\\Middleware\\TransformsRequest->handle()
#49 /home/codereye/domains/codereyes.com/public_html/lms/vendor/laravel/framework/src/Illuminate/Foundation/Http/Middleware/TransformsRequest.php(21): Illuminate\\Pipeline\\Pipeline->Illuminate\\Pipeline\\{closure}()
#50 /home/codereye/domains/codereyes.com/public_html/lms/vendor/laravel/framework/src/Illuminate/Pipeline/Pipeline.php(167): Illuminate\\Foundation\\Http\\Middleware\\TransformsRequest->handle()
#51 /home/codereye/domains/codereyes.com/public_html/lms/vendor/laravel/framework/src/Illuminate/Foundation/Http/Middleware/ValidatePostSize.php(27): Illuminate\\Pipeline\\Pipeline->Illuminate\\Pipeline\\{closure}()
#52 /home/codereye/domains/codereyes.com/public_html/lms/vendor/laravel/framework/src/Illuminate/Pipeline/Pipeline.php(167): Illuminate\\Foundation\\Http\\Middleware\\ValidatePostSize->handle()
#53 /home/codereye/domains/codereyes.com/public_html/lms/vendor/laravel/framework/src/Illuminate/Foundation/Http/Middleware/CheckForMaintenanceMode.php(63): Illuminate\\Pipeline\\Pipeline->Illuminate\\Pipeline\\{closure}()
#54 /home/codereye/domains/codereyes.com/public_html/lms/vendor/laravel/framework/src/Illuminate/Pipeline/Pipeline.php(167): Illuminate\\Foundation\\Http\\Middleware\\CheckForMaintenanceMode->handle()
#55 /home/codereye/domains/codereyes.com/public_html/lms/vendor/fruitcake/laravel-cors/src/HandleCors.php(37): Illuminate\\Pipeline\\Pipeline->Illuminate\\Pipeline\\{closure}()
#56 /home/codereye/domains/codereyes.com/public_html/lms/vendor/laravel/framework/src/Illuminate/Pipeline/Pipeline.php(167): Fruitcake\\Cors\\HandleCors->handle()
#57 /home/codereye/domains/codereyes.com/public_html/lms/vendor/fideloper/proxy/src/TrustProxies.php(57): Illuminate\\Pipeline\\Pipeline->Illuminate\\Pipeline\\{closure}()
#58 /home/codereye/domains/codereyes.com/public_html/lms/vendor/laravel/framework/src/Illuminate/Pipeline/Pipeline.php(167): Fideloper\\Proxy\\TrustProxies->handle()
#59 /home/codereye/domains/codereyes.com/public_html/lms/vendor/laravel/framework/src/Illuminate/Pipeline/Pipeline.php(103): Illuminate\\Pipeline\\Pipeline->Illuminate\\Pipeline\\{closure}()
#60 /home/codereye/domains/codereyes.com/public_html/lms/vendor/laravel/framework/src/Illuminate/Foundation/Http/Kernel.php(140): Illuminate\\Pipeline\\Pipeline->then()
#61 /home/codereye/domains/codereyes.com/public_html/lms/vendor/laravel/framework/src/Illuminate/Foundation/Http/Kernel.php(109): Illuminate\\Foundation\\Http\\Kernel->sendRequestThroughRouter()
#62 /home/codereye/domains/codereyes.com/public_html/lms/public/index.php(55): Illuminate\\Foundation\\Http\\Kernel->handle()
#63 {main}
"} 
